<?xml version="1.0" encoding="UTF-8"?>
<!-- Generated by org.testng.reporters.JUnitReportReporter -->
<testsuite hostname="DESKTOP-PK0MQ6H" failures="0" tests="1" name="com.service.SampleTest" time="0.009" errors="0" timestamp="2022-09-27T10:36:25 IST" skipped="0">
  <testcase classname="com.service.SampleTest" name="f1" time="0.009"/>
  <system-out/>
</testsuite> <!-- com.service.SampleTest -->
