<?xml version="1.0" encoding="UTF-8"?>
<!-- Generated by org.testng.reporters.JUnitReportReporter -->
<testsuite hostname="DESKTOP-PK0MQ6H" failures="0" tests="4" name="com.service.AccountServiceTest" time="0.805" errors="0" timestamp="2022-09-27T10:36:25 IST" skipped="3">
  <testcase classname="com.service.AccountServiceTest" name="depositTest" time="0.805"/>
  <system-out/>
  <testcase classname="com.service.AccountServiceTest" name="createAccountTest">
    <skipped/>
  </testcase> <!-- createAccountTest -->
  <system-out/>
  <testcase classname="com.service.AccountServiceTest" name="findBalanceTest">
    <skipped/>
  </testcase> <!-- findBalanceTest -->
  <system-out/>
  <testcase classname="com.service.AccountServiceTest" name="withdrawnTest">
    <skipped/>
  </testcase> <!-- withdrawnTest -->
  <system-out/>
</testsuite> <!-- com.service.AccountServiceTest -->
