<?xml version="1.0" encoding="UTF-8"?>
<!-- Generated by org.testng.reporters.JUnitReportReporter -->
<testsuite hostname="DESKTOP-PK0MQ6H" failures="0" tests="3" name="com.service.CarTest" time="0.022" errors="0" timestamp="2022-09-27T10:36:25 IST" skipped="0">
  <testcase classname="com.service.CarTest" name="milege" time="0.007"/>
  <system-out/>
  <testcase classname="com.service.CarTest" name="color" time="0.004"/>
  <system-out/>
  <testcase classname="com.service.CarTest" name="speed" time="0.011"/>
  <system-out/>
</testsuite> <!-- com.service.CarTest -->
