<?xml version="1.0" encoding="UTF-8"?>
<!-- Generated by org.testng.reporters.JUnitReportReporter -->
<testsuite hostname="DESKTOP-PK0MQ6H" failures="0" tests="4" name="com.service.OperationTest" time="0.002" errors="0" timestamp="2022-09-27T10:36:25 IST" skipped="1">
  <testcase classname="com.service.OperationTest" name="mulTest" time="0.000"/>
  <system-out/>
  <testcase classname="com.service.OperationTest" name="divTest" time="0.001"/>
  <system-out/>
  <testcase classname="com.service.OperationTest" name="subTest" time="0.001"/>
  <system-out/>
  <testcase classname="com.service.OperationTest" name="addTest">
    <skipped/>
  </testcase> <!-- addTest -->
  <system-out/>
</testsuite> <!-- com.service.OperationTest -->
