<?xml version="1.0" encoding="UTF-8"?>
<!-- Generated by org.testng.reporters.JUnitReportReporter -->
<testsuite hostname="DESKTOP-PK0MQ6H" failures="0" tests="1" name="com.testing.LoginPageTest" time="3.938" errors="0" timestamp="2022-09-28T11:41:23 IST" skipped="0">
  <testcase classname="com.testing.LoginPageTest" name="loginPageTest" time="3.938"/>
  <system-out/>
</testsuite> <!-- com.testing.LoginPageTest -->
