<?xml version="1.0" encoding="UTF-8"?>
<!-- Generated by org.testng.reporters.JUnitReportReporter -->
<testsuite hostname="DESKTOP-PK0MQ6H" failures="0" tests="1" name="com.testing.SignIn" time="13.049" errors="0" timestamp="2022-10-02T16:11:56 IST" skipped="0">
  <testcase classname="com.testing.SignIn" name="signinTest" time="13.049"/>
  <system-out/>
</testsuite> <!-- com.testing.SignIn -->
