<?xml version="1.0" encoding="UTF-8"?>
<!-- Generated by org.testng.reporters.JUnitReportReporter -->
<testsuite hostname="DESKTOP-PK0MQ6H" failures="0" tests="1" name="com.testing.RegisterPage" time="15.275" errors="0" timestamp="2022-10-02T16:11:56 IST" skipped="0">
  <testcase classname="com.testing.RegisterPage" name="RegisterPageTest" time="15.275"/>
  <system-out/>
</testsuite> <!-- com.testing.RegisterPage -->
