<?xml version="1.0" encoding="UTF-8"?>
<!-- Generated by org.testng.reporters.JUnitReportReporter -->
<testsuite hostname="DESKTOP-PK0MQ6H" failures="0" tests="1" name="com.testing.AddtoCart" time="12.366" errors="0" timestamp="2022-10-02T16:11:56 IST" skipped="0">
  <testcase classname="com.testing.AddtoCart" name="AddCartTest" time="12.366"/>
  <system-out/>
</testsuite> <!-- com.testing.AddtoCart -->
