<?xml version="1.0" encoding="UTF-8"?>
<!-- Generated by org.testng.reporters.JUnitReportReporter -->
<testsuite hostname="DESKTOP-PK0MQ6H" failures="0" tests="1" name="com.testing.GoogleSearchTest" time="30.604" errors="0" timestamp="2022-10-02T16:11:56 IST" skipped="0">
  <testcase classname="com.testing.GoogleSearchTest" name="SearchTest" time="30.604"/>
  <system-out/>
</testsuite> <!-- com.testing.GoogleSearchTest -->
