<?xml version="1.0" encoding="UTF-8"?>
<!-- Generated by org.testng.reporters.JUnitReportReporter -->
<testsuite hostname="DESKTOP-PK0MQ6H" failures="0" tests="4" name="com.testing.AppTest" time="68.635" errors="0" timestamp="2022-10-11T12:53:08 IST" skipped="0">
  <testcase classname="com.testing.AppTest" name="LaunchChrome" time="2.013"/>
  <testcase classname="com.testing.AppTest" name="f" time="29.219"/>
  <testcase classname="com.testing.AppTest" name="firefox" time="33.400"/>
  <testcase classname="com.testing.AppTest" name="LaunchOpera" time="4.003"/>
</testsuite> <!-- com.testing.AppTest -->
